<?xml version="1.0" encoding="UTF-8"?>
<testng-results ignored="2" total="7" passed="5" failed="0" skipped="0">
  <reporter-output>
  </reporter-output>
  <suite started-at="2022-10-16T13:42:38 IST" name="Suite" finished-at="2022-10-16T13:42:49 IST" duration-ms="10913">
    <groups>
    </groups>
    <test started-at="2022-10-16T13:42:38 IST" name="Test" finished-at="2022-10-16T13:42:49 IST" duration-ms="10913">
      <class name="com.FinalSelenium.Scripts.LoginTest">
        <test-method signature="verifyInvalidCredentialWarningmessage()[pri:0, instance:com.FinalSelenium.Scripts.LoginTest@3de8f619]" started-at="2022-10-16T13:42:43 IST" name="verifyInvalidCredentialWarningmessage" finished-at="2022-10-16T13:42:46 IST" duration-ms="2195" status="PASS">
          <reporter-output>
          </reporter-output>
        </test-method> <!-- verifyInvalidCredentialWarningmessage -->
        <test-method is-config="true" signature="takeScreenShotOnFailure(org.testng.ITestResult)[pri:0, instance:com.FinalSelenium.Scripts.LoginTest@3de8f619]" started-at="2022-10-16T13:42:46 IST" name="takeScreenShotOnFailure" finished-at="2022-10-16T13:42:46 IST" duration-ms="1" status="PASS">
          <params>
            <param index="0">
              <value>
                <![CDATA[[TestResult name=verifyInvalidCredentialWarningmessage status=SUCCESS method=LoginTest.verifyInvalidCredentialWarningmessage()[pri:0, instance:com.FinalSelenium.Scripts.LoginTest@3de8f619] output={null}]]]>
              </value>
            </param>
          </params>
          <reporter-output>
          </reporter-output>
        </test-method> <!-- takeScreenShotOnFailure -->
        <test-method signature="verifyThatAdminCanLogoutSuccessfully()[pri:0, instance:com.FinalSelenium.Scripts.LoginTest@3de8f619]" started-at="2022-10-16T13:42:46 IST" name="verifyThatAdminCanLogoutSuccessfully" finished-at="2022-10-16T13:42:47 IST" duration-ms="1647" status="PASS">
          <reporter-output>
          </reporter-output>
        </test-method> <!-- verifyThatAdminCanLogoutSuccessfully -->
        <test-method is-config="true" signature="takeScreenShotOnFailure(org.testng.ITestResult)[pri:0, instance:com.FinalSelenium.Scripts.LoginTest@3de8f619]" started-at="2022-10-16T13:42:47 IST" name="takeScreenShotOnFailure" finished-at="2022-10-16T13:42:47 IST" duration-ms="1" status="PASS">
          <params>
            <param index="0">
              <value>
                <![CDATA[[TestResult name=verifyThatAdminCanLogoutSuccessfully status=SUCCESS method=LoginTest.verifyThatAdminCanLogoutSuccessfully()[pri:0, instance:com.FinalSelenium.Scripts.LoginTest@3de8f619] output={null}]]]>
              </value>
            </param>
          </params>
          <reporter-output>
          </reporter-output>
        </test-method> <!-- takeScreenShotOnFailure -->
        <test-method signature="verifyThatUserCanLoginSuccessfully()[pri:0, instance:com.FinalSelenium.Scripts.LoginTest@3de8f619]" started-at="2022-10-16T13:42:47 IST" name="verifyThatUserCanLoginSuccessfully" finished-at="2022-10-16T13:42:48 IST" duration-ms="814" status="PASS">
          <reporter-output>
          </reporter-output>
        </test-method> <!-- verifyThatUserCanLoginSuccessfully -->
        <test-method is-config="true" signature="takeScreenShotOnFailure(org.testng.ITestResult)[pri:0, instance:com.FinalSelenium.Scripts.LoginTest@3de8f619]" started-at="2022-10-16T13:42:48 IST" name="takeScreenShotOnFailure" finished-at="2022-10-16T13:42:48 IST" duration-ms="0" status="PASS">
          <params>
            <param index="0">
              <value>
                <![CDATA[[TestResult name=verifyThatUserCanLoginSuccessfully status=SUCCESS method=LoginTest.verifyThatUserCanLoginSuccessfully()[pri:0, instance:com.FinalSelenium.Scripts.LoginTest@3de8f619] output={null}]]]>
              </value>
            </param>
          </params>
          <reporter-output>
          </reporter-output>
        </test-method> <!-- takeScreenShotOnFailure -->
        <test-method signature="testBase()[pri:0, instance:com.FinalSelenium.Scripts.LoginTest@3de8f619]" started-at="2022-10-16T13:42:48 IST" name="testBase" finished-at="2022-10-16T13:42:48 IST" duration-ms="2" status="PASS">
          <reporter-output>
          </reporter-output>
        </test-method> <!-- testBase -->
        <test-method is-config="true" signature="takeScreenShotOnFailure(org.testng.ITestResult)[pri:0, instance:com.FinalSelenium.Scripts.LoginTest@3de8f619]" started-at="2022-10-16T13:42:48 IST" name="takeScreenShotOnFailure" finished-at="2022-10-16T13:42:48 IST" duration-ms="0" status="PASS">
          <params>
            <param index="0">
              <value>
                <![CDATA[[TestResult name=testBase status=SUCCESS method=TestBase.testBase()[pri:0, instance:com.FinalSelenium.Scripts.LoginTest@3de8f619] output={null}]]]>
              </value>
            </param>
          </params>
          <reporter-output>
          </reporter-output>
        </test-method> <!-- takeScreenShotOnFailure -->
      </class> <!-- com.FinalSelenium.Scripts.LoginTest -->
      <class name="com.FinalSelenium.Scripts.TestBase">
        <test-method is-config="true" signature="beforeTest(java.lang.String)[pri:0, instance:com.FinalSelenium.Scripts.TestBase@4007f65e]" started-at="2022-10-16T13:42:38 IST" name="beforeTest" finished-at="2022-10-16T13:42:43 IST" duration-ms="5741" status="PASS">
          <params>
            <param index="0">
              <value>
                <![CDATA[chrome]]>
              </value>
            </param>
          </params>
          <reporter-output>
          </reporter-output>
        </test-method> <!-- beforeTest -->
        <test-method signature="testBase()[pri:0, instance:com.FinalSelenium.Scripts.TestBase@4007f65e]" started-at="2022-10-16T13:42:43 IST" name="testBase" finished-at="2022-10-16T13:42:43 IST" duration-ms="14" status="PASS">
          <reporter-output>
          </reporter-output>
        </test-method> <!-- testBase -->
        <test-method is-config="true" signature="takeScreenShotOnFailure(org.testng.ITestResult)[pri:0, instance:com.FinalSelenium.Scripts.TestBase@4007f65e]" started-at="2022-10-16T13:42:43 IST" name="takeScreenShotOnFailure" finished-at="2022-10-16T13:42:43 IST" duration-ms="1" status="PASS">
          <params>
            <param index="0">
              <value>
                <![CDATA[[TestResult name=testBase status=SUCCESS method=TestBase.testBase()[pri:0, instance:com.FinalSelenium.Scripts.TestBase@4007f65e] output={null}]]]>
              </value>
            </param>
          </params>
          <reporter-output>
          </reporter-output>
        </test-method> <!-- takeScreenShotOnFailure -->
        <test-method is-config="true" signature="afterTest()[pri:0, instance:com.FinalSelenium.Scripts.TestBase@4007f65e]" started-at="2022-10-16T13:42:48 IST" name="afterTest" finished-at="2022-10-16T13:42:49 IST" duration-ms="424" status="PASS">
          <reporter-output>
          </reporter-output>
        </test-method> <!-- afterTest -->
      </class> <!-- com.FinalSelenium.Scripts.TestBase -->
    </test> <!-- Test -->
  </suite> <!-- Suite -->
</testng-results>
