<?xml version="1.0" encoding="UTF-8"?>
<!-- Generated by org.testng.reporters.JUnitXMLReporter -->
<testsuite ignored="2" hostname="Lenovo-PC" failures="0" tests="5" name="Test" time="10.913" errors="0" timestamp="2022-10-16T13:42:49 IST">
  <testcase classname="com.FinalSelenium.Scripts.TestBase" name="testBase" time="0.014"/>
  <testcase classname="com.FinalSelenium.Scripts.LoginTest" name="verifyInvalidCredentialWarningmessage" time="2.195"/>
  <testcase classname="com.FinalSelenium.Scripts.LoginTest" name="verifyThatAdminCanLogoutSuccessfully" time="1.647"/>
  <testcase classname="com.FinalSelenium.Scripts.LoginTest" name="verifyThatUserCanLoginSuccessfully" time="0.814"/>
  <testcase classname="com.FinalSelenium.Scripts.TestBase" name="testBase" time="0.002"/>
  <testcase classname="com.FinalSelenium.Scripts.TestBase" name="@BeforeTest beforeTest" time="0.0">
    <ignored/>
  </testcase> <!-- @BeforeTest beforeTest -->
  <testcase classname="com.FinalSelenium.Scripts.TestBase" name="@AfterTest afterTest" time="0.0">
    <ignored/>
  </testcase> <!-- @AfterTest afterTest -->
</testsuite> <!-- Test -->
